# JRE version: OpenJDK Runtime Environment (21.0.9) (build 21.0.9+-14649483-b1163.86)
# Java VM: OpenJDK 64-Bit Server VM (21.0.9+-14649483-b1163.86, mixed mode, tiered, compressed oops, compressed class ptrs, g1 gc, windows-amd64)
GC Precious Log:
 CardTable entry size: 512
 Card Set container configuration: InlinePtr #cards 5 size 8 Array Of Cards #cards 12 size 40 Howl #buckets 4 coarsen threshold 1843 Howl Bitmap #cards 512 size 80 coarsen threshold 460 Card regions per heap region 1 cards per card region 2048
 CPUs: 8 total, 8 available
 Memory: 15647M
 Large Page Support: Disabled
 NUMA Support: Disabled
 Compressed Oops: Enabled (32-bit)
 Heap Region Size: 1M
 Heap Min Capacity: 8M
 Heap Initial Capacity: 246M
 Heap Max Capacity: 2G
 Pre-touch: Disabled
 Parallel Workers: 8
 Concurrent Workers: 2
 Concurrent Refinement Workers: 8
 Periodic GC: Disabled
Heap:
 garbage-first heap   total 266240K, used 123234K [0x0000000080000000, 0x0000000100000000)
  region size 1024K, 6 young (6144K), 6 survivors (6144K)
 Metaspace       used 113545K, committed 115904K, reserved 1179648K
  class space    used 16218K, committed 17344K, reserved 1048576K
GC Heap History (20 events):
Event: 13.998 GC heap after
{Heap after GC invocations=41 (full 0):
 garbage-first heap   total 199680K, used 93015K [0x0000000080000000, 0x0000000100000000)
  region size 1024K, 13 young (13312K), 13 survivors (13312K)
 Metaspace       used 91003K, committed 93120K, reserved 1179648K
  class space    used 12750K, committed 13760K, reserved 1048576K
}
Event: 14.986 GC heap before
{Heap before GC invocations=41 (full 0):
 garbage-first heap   total 199680K, used 180055K [0x0000000080000000, 0x0000000100000000)
  region size 1024K, 98 young (100352K), 13 survivors (13312K)
 Metaspace       used 96721K, committed 98880K, reserved 1179648K
  class space    used 13629K, committed 14656K, reserved 1048576K
}
Event: 14.995 GC heap after
{Heap after GC invocations=42 (full 0):
 garbage-first heap   total 199680K, used 96266K [0x0000000080000000, 0x0000000100000000)
  region size 1024K, 5 young (5120K), 5 survivors (5120K)
 Metaspace       used 96721K, committed 98880K, reserved 1179648K
  class space    used 13629K, committed 14656K, reserved 1048576K
}
Event: 16.075 GC heap before
{Heap before GC invocations=42 (full 0):
 garbage-first heap   total 199680K, used 182282K [0x0000000080000000, 0x0000000100000000)
  region size 1024K, 89 young (91136K), 5 survivors (5120K)
 Metaspace       used 102931K, committed 105216K, reserved 1179648K
  class space    used 14632K, committed 15744K, reserved 1048576K
}
Event: 16.080 GC heap after
{Heap after GC invocations=43 (full 0):
 garbage-first heap   total 199680K, used 99578K [0x0000000080000000, 0x0000000100000000)
  region size 1024K, 8 young (8192K), 8 survivors (8192K)
 Metaspace       used 102931K, committed 105216K, reserved 1179648K
  class space    used 14632K, committed 15744K, reserved 1048576K
}
Event: 17.180 GC heap before
{Heap before GC invocations=44 (full 0):
 garbage-first heap   total 199680K, used 183546K [0x0000000080000000, 0x0000000100000000)
  region size 1024K, 90 young (92160K), 8 survivors (8192K)
 Metaspace       used 108942K, committed 111296K, reserved 1179648K
  class space    used 15529K, committed 16640K, reserved 1048576K
}
Event: 17.188 GC heap after
{Heap after GC invocations=45 (full 0):
 garbage-first heap   total 199680K, used 103416K [0x0000000080000000, 0x0000000100000000)
  region size 1024K, 8 young (8192K), 8 survivors (8192K)
 Metaspace       used 108942K, committed 111296K, reserved 1179648K
  class space    used 15529K, committed 16640K, reserved 1048576K
}
Event: 18.113 GC heap before
{Heap before GC invocations=45 (full 0):
 garbage-first heap   total 199680K, used 184312K [0x0000000080000000, 0x0000000100000000)
  region size 1024K, 88 young (90112K), 8 survivors (8192K)
 Metaspace       used 111683K, committed 113984K, reserved 1179648K
  class space    used 15946K, committed 17088K, reserved 1048576K
}
Event: 18.129 GC heap after
{Heap after GC invocations=46 (full 0):
 garbage-first heap   total 205824K, used 112344K [0x0000000080000000, 0x0000000100000000)
  region size 1024K, 11 young (11264K), 11 survivors (11264K)
 Metaspace       used 111683K, committed 113984K, reserved 1179648K
  class space    used 15946K, committed 17088K, reserved 1048576K
}
Event: 18.976 GC heap before
{Heap before GC invocations=46 (full 0):
 garbage-first heap   total 205824K, used 186072K [0x0000000080000000, 0x0000000100000000)
  region size 1024K, 84 young (86016K), 11 survivors (11264K)
 Metaspace       used 113181K, committed 115520K, reserved 1179648K
  class space    used 16165K, committed 17280K, reserved 1048576K
}
Event: 18.988 GC heap after
{Heap after GC invocations=47 (full 0):
 garbage-first heap   total 208896K, used 121501K [0x0000000080000000, 0x0000000100000000)
  region size 1024K, 9 young (9216K), 9 survivors (9216K)
 Metaspace       used 113181K, committed 115520K, reserved 1179648K
  class space    used 16165K, committed 17280K, reserved 1048576K
}
Event: 19.265 GC heap before
{Heap before GC invocations=48 (full 0):
 garbage-first heap   total 208896K, used 188061K [0x0000000080000000, 0x0000000100000000)
  region size 1024K, 75 young (76800K), 9 survivors (9216K)
 Metaspace       used 113181K, committed 115520K, reserved 1179648K
  class space    used 16165K, committed 17280K, reserved 1048576K
}
Event: 19.271 GC heap after
{Heap after GC invocations=49 (full 0):
 garbage-first heap   total 208896K, used 123367K [0x0000000080000000, 0x0000000100000000)
  region size 1024K, 4 young (4096K), 4 survivors (4096K)
 Metaspace       used 113181K, committed 115520K, reserved 1179648K
  class space    used 16165K, committed 17280K, reserved 1048576K
}
Event: 19.445 GC heap before
{Heap before GC invocations=49 (full 0):
 garbage-first heap   total 208896K, used 190951K [0x0000000080000000, 0x0000000100000000)
  region size 1024K, 71 young (72704K), 4 survivors (4096K)
 Metaspace       used 113182K, committed 115520K, reserved 1179648K
  class space    used 16165K, committed 17280K, reserved 1048576K
}
Event: 19.450 GC heap after
{Heap after GC invocations=50 (full 0):
 garbage-first heap   total 208896K, used 122812K [0x0000000080000000, 0x0000000100000000)
  region size 1024K, 5 young (5120K), 5 survivors (5120K)
 Metaspace       used 113182K, committed 115520K, reserved 1179648K
  class space    used 16165K, committed 17280K, reserved 1048576K
}
Event: 19.919 GC heap before
{Heap before GC invocations=50 (full 0):
 garbage-first heap   total 208896K, used 193468K [0x0000000080000000, 0x0000000100000000)
  region size 1024K, 74 young (75776K), 5 survivors (5120K)
 Metaspace       used 113482K, committed 115840K, reserved 1179648K
  class space    used 16212K, committed 17344K, reserved 1048576K
}
Event: 19.923 GC heap after
{Heap after GC invocations=51 (full 0):
 garbage-first heap   total 208896K, used 124024K [0x0000000080000000, 0x0000000100000000)
  region size 1024K, 6 young (6144K), 6 survivors (6144K)
 Metaspace       used 113482K, committed 115840K, reserved 1179648K
  class space    used 16212K, committed 17344K, reserved 1048576K
}
Event: 20.109 GC heap before
{Heap before GC invocations=52 (full 0):
 garbage-first heap   total 208896K, used 193656K [0x0000000080000000, 0x0000000100000000)
  region size 1024K, 75 young (76800K), 6 survivors (6144K)
 Metaspace       used 113545K, committed 115904K, reserved 1179648K
  class space    used 16218K, committed 17344K, reserved 1048576K
}
Event: 20.113 GC heap after
{Heap after GC invocations=53 (full 0):
 garbage-first heap   total 208896K, used 124538K [0x0000000080000000, 0x0000000100000000)
  region size 1024K, 6 young (6144K), 6 survivors (6144K)
 Metaspace       used 113545K, committed 115904K, reserved 1179648K
  class space    used 16218K, committed 17344K, reserved 1048576K
}
Event: 20.178 GC heap before
{Heap before GC invocations=53 (full 0):
 garbage-first heap   total 208896K, used 197242K [0x0000000080000000, 0x0000000100000000)
  region size 1024K, 77 young (78848K), 6 survivors (6144K)
 Metaspace       used 113545K, committed 115904K, reserved 1179648K
  class space    used 16218K, committed 17344K, reserved 1048576K
}

