# JRE version: OpenJDK Runtime Environment (21.0.9) (build 21.0.9+-14649483-b1163.86)
# Java VM: OpenJDK 64-Bit Server VM (21.0.9+-14649483-b1163.86, mixed mode, tiered, compressed oops, compressed class ptrs, g1 gc, windows-amd64)
GC Precious Log:
 CardTable entry size: 512
 Card Set container configuration: InlinePtr #cards 5 size 8 Array Of Cards #cards 12 size 40 Howl #buckets 4 coarsen threshold 1843 Howl Bitmap #cards 512 size 80 coarsen threshold 460 Card regions per heap region 1 cards per card region 2048
 CPUs: 8 total, 8 available
 Memory: 15647M
 Large Page Support: Disabled
 NUMA Support: Disabled
 Compressed Oops: Enabled (32-bit)
 Heap Region Size: 1M
 Heap Min Capacity: 8M
 Heap Initial Capacity: 246M
 Heap Max Capacity: 2G
 Pre-touch: Disabled
 Parallel Workers: 8
 Concurrent Workers: 2
 Concurrent Refinement Workers: 8
 Periodic GC: Disabled
Heap:
 garbage-first heap   total 126976K, used 94789K [0x0000000080000000, 0x0000000100000000)
  region size 1024K, 22 young (22528K), 4 survivors (4096K)
 Metaspace       used 72601K, committed 74496K, reserved 1114112K
  class space    used 10451K, committed 11392K, reserved 1048576K
GC Heap History (20 events):
Event: 5.759 GC heap before
{Heap before GC invocations=10 (full 0):
 garbage-first heap   total 80896K, used 78141K [0x0000000080000000, 0x0000000100000000)
  region size 1024K, 33 young (33792K), 5 survivors (5120K)
 Metaspace       used 42221K, committed 43264K, reserved 1114112K
  class space    used 5819K, committed 6336K, reserved 1048576K
}
Event: 5.764 GC heap after
{Heap after GC invocations=11 (full 0):
 garbage-first heap   total 91136K, used 55052K [0x0000000080000000, 0x0000000100000000)
  region size 1024K, 5 young (5120K), 5 survivors (5120K)
 Metaspace       used 42221K, committed 43264K, reserved 1114112K
  class space    used 5819K, committed 6336K, reserved 1048576K
}
Event: 6.097 GC heap before
{Heap before GC invocations=11 (full 0):
 garbage-first heap   total 91136K, used 78604K [0x0000000080000000, 0x0000000100000000)
  region size 1024K, 28 young (28672K), 5 survivors (5120K)
 Metaspace       used 44926K, committed 46144K, reserved 1114112K
  class space    used 6289K, committed 6848K, reserved 1048576K
}
Event: 6.101 GC heap after
{Heap after GC invocations=12 (full 0):
 garbage-first heap   total 91136K, used 56868K [0x0000000080000000, 0x0000000100000000)
  region size 1024K, 2 young (2048K), 2 survivors (2048K)
 Metaspace       used 44926K, committed 46144K, reserved 1114112K
  class space    used 6289K, committed 6848K, reserved 1048576K
}
Event: 6.506 GC heap before
{Heap before GC invocations=13 (full 0):
 garbage-first heap   total 97280K, used 79396K [0x0000000080000000, 0x0000000100000000)
  region size 1024K, 25 young (25600K), 2 survivors (2048K)
 Metaspace       used 48623K, committed 49920K, reserved 1114112K
  class space    used 6791K, committed 7424K, reserved 1048576K
}
Event: 6.509 GC heap after
{Heap after GC invocations=14 (full 0):
 garbage-first heap   total 116736K, used 58748K [0x0000000080000000, 0x0000000100000000)
  region size 1024K, 4 young (4096K), 4 survivors (4096K)
 Metaspace       used 48623K, committed 49920K, reserved 1114112K
  class space    used 6791K, committed 7424K, reserved 1048576K
}
Event: 7.297 GC heap before
{Heap before GC invocations=14 (full 0):
 garbage-first heap   total 116736K, used 101756K [0x0000000080000000, 0x0000000100000000)
  region size 1024K, 47 young (48128K), 4 survivors (4096K)
 Metaspace       used 54362K, committed 55872K, reserved 1114112K
  class space    used 7634K, committed 8384K, reserved 1048576K
}
Event: 7.302 GC heap after
{Heap after GC invocations=15 (full 0):
 garbage-first heap   total 116736K, used 62074K [0x0000000080000000, 0x0000000100000000)
  region size 1024K, 6 young (6144K), 6 survivors (6144K)
 Metaspace       used 54362K, committed 55872K, reserved 1114112K
  class space    used 7634K, committed 8384K, reserved 1048576K
}
Event: 7.774 GC heap before
{Heap before GC invocations=15 (full 0):
 garbage-first heap   total 116736K, used 86650K [0x0000000080000000, 0x0000000100000000)
  region size 1024K, 32 young (32768K), 6 survivors (6144K)
 Metaspace       used 57085K, committed 58624K, reserved 1114112K
  class space    used 8116K, committed 8832K, reserved 1048576K
}
Event: 7.780 GC heap after
{Heap after GC invocations=16 (full 0):
 garbage-first heap   total 116736K, used 64919K [0x0000000080000000, 0x0000000100000000)
  region size 1024K, 3 young (3072K), 3 survivors (3072K)
 Metaspace       used 57085K, committed 58624K, reserved 1114112K
  class space    used 8116K, committed 8832K, reserved 1048576K
}
Event: 8.269 GC heap before
{Heap before GC invocations=17 (full 0):
 garbage-first heap   total 116736K, used 105879K [0x0000000080000000, 0x0000000100000000)
  region size 1024K, 42 young (43008K), 3 survivors (3072K)
 Metaspace       used 58591K, committed 60288K, reserved 1114112K
  class space    used 8307K, committed 9088K, reserved 1048576K
}
Event: 8.273 GC heap after
{Heap after GC invocations=18 (full 0):
 garbage-first heap   total 116736K, used 71859K [0x0000000080000000, 0x0000000100000000)
  region size 1024K, 6 young (6144K), 6 survivors (6144K)
 Metaspace       used 58591K, committed 60288K, reserved 1114112K
  class space    used 8307K, committed 9088K, reserved 1048576K
}
Event: 8.379 GC heap before
{Heap before GC invocations=18 (full 0):
 garbage-first heap   total 116736K, used 105651K [0x0000000080000000, 0x0000000100000000)
  region size 1024K, 39 young (39936K), 6 survivors (6144K)
 Metaspace       used 58990K, committed 60672K, reserved 1114112K
  class space    used 8365K, committed 9152K, reserved 1048576K
}
Event: 8.383 GC heap after
{Heap after GC invocations=19 (full 0):
 garbage-first heap   total 116736K, used 72743K [0x0000000080000000, 0x0000000100000000)
  region size 1024K, 1 young (1024K), 1 survivors (1024K)
 Metaspace       used 58990K, committed 60672K, reserved 1114112K
  class space    used 8365K, committed 9152K, reserved 1048576K
}
Event: 8.981 GC heap before
{Heap before GC invocations=19 (full 0):
 garbage-first heap   total 116736K, used 106535K [0x0000000080000000, 0x0000000100000000)
  region size 1024K, 34 young (34816K), 1 survivors (1024K)
 Metaspace       used 62490K, committed 64320K, reserved 1114112K
  class space    used 8913K, committed 9792K, reserved 1048576K
}
Event: 8.984 GC heap after
{Heap after GC invocations=20 (full 0):
 garbage-first heap   total 116736K, used 74077K [0x0000000080000000, 0x0000000100000000)
  region size 1024K, 3 young (3072K), 3 survivors (3072K)
 Metaspace       used 62490K, committed 64320K, reserved 1114112K
  class space    used 8913K, committed 9792K, reserved 1048576K
}
Event: 9.504 GC heap before
{Heap before GC invocations=21 (full 0):
 garbage-first heap   total 126976K, used 106845K [0x0000000080000000, 0x0000000100000000)
  region size 1024K, 35 young (35840K), 3 survivors (3072K)
 Metaspace       used 67026K, committed 68800K, reserved 1114112K
  class space    used 9585K, committed 10432K, reserved 1048576K
}
Event: 9.507 GC heap after
{Heap after GC invocations=22 (full 0):
 garbage-first heap   total 126976K, used 75677K [0x0000000080000000, 0x0000000100000000)
  region size 1024K, 4 young (4096K), 4 survivors (4096K)
 Metaspace       used 67026K, committed 68800K, reserved 1114112K
  class space    used 9585K, committed 10432K, reserved 1048576K
}
Event: 10.010 GC heap before
{Heap before GC invocations=22 (full 0):
 garbage-first heap   total 126976K, used 115613K [0x0000000080000000, 0x0000000100000000)
  region size 1024K, 43 young (44032K), 4 survivors (4096K)
 Metaspace       used 71244K, committed 73152K, reserved 1114112K
  class space    used 10221K, committed 11136K, reserved 1048576K
}
Event: 10.016 GC heap after
{Heap after GC invocations=23 (full 0):
 garbage-first heap   total 126976K, used 77381K [0x0000000080000000, 0x0000000100000000)
  region size 1024K, 4 young (4096K), 4 survivors (4096K)
 Metaspace       used 71244K, committed 73152K, reserved 1114112K
  class space    used 10221K, committed 11136K, reserved 1048576K
}

