# JRE version: OpenJDK Runtime Environment (21.0.9) (build 21.0.9+-14649483-b1163.86)
# Java VM: OpenJDK 64-Bit Server VM (21.0.9+-14649483-b1163.86, mixed mode, tiered, compressed oops, compressed class ptrs, g1 gc, windows-amd64)
GC Precious Log:
 CardTable entry size: 512
 Card Set container configuration: InlinePtr #cards 5 size 8 Array Of Cards #cards 12 size 40 Howl #buckets 4 coarsen threshold 1843 Howl Bitmap #cards 512 size 80 coarsen threshold 460 Card regions per heap region 1 cards per card region 2048
 CPUs: 8 total, 8 available
 Memory: 15647M
 Large Page Support: Disabled
 NUMA Support: Disabled
 Compressed Oops: Enabled (32-bit)
 Heap Region Size: 1M
 Heap Min Capacity: 8M
 Heap Initial Capacity: 246M
 Heap Max Capacity: 2G
 Pre-touch: Disabled
 Parallel Workers: 8
 Concurrent Workers: 2
 Concurrent Refinement Workers: 8
 Periodic GC: Disabled
Heap:
 garbage-first heap   total 247808K, used 197214K [0x0000000080000000, 0x0000000100000000)
  region size 1024K, 29 young (29696K), 3 survivors (3072K)
 Metaspace       used 128233K, committed 130752K, reserved 1179648K
  class space    used 18198K, committed 19456K, reserved 1048576K
GC Heap History (20 events):
Event: 28.319 GC heap before
{Heap before GC invocations=55 (full 0):
 garbage-first heap   total 203776K, used 189963K [0x0000000080000000, 0x0000000100000000)
  region size 1024K, 67 young (68608K), 4 survivors (4096K)
 Metaspace       used 119347K, committed 121664K, reserved 1179648K
  class space    used 16991K, committed 18112K, reserved 1048576K
}
Event: 28.323 GC heap after
{Heap after GC invocations=56 (full 0):
 garbage-first heap   total 203776K, used 126290K [0x0000000080000000, 0x0000000100000000)
  region size 1024K, 5 young (5120K), 5 survivors (5120K)
 Metaspace       used 119347K, committed 121664K, reserved 1179648K
  class space    used 16991K, committed 18112K, reserved 1048576K
}
Event: 28.975 GC heap before
{Heap before GC invocations=57 (full 0):
 garbage-first heap   total 211968K, used 189778K [0x0000000080000000, 0x0000000100000000)
  region size 1024K, 68 young (69632K), 5 survivors (5120K)
 Metaspace       used 119659K, committed 121984K, reserved 1179648K
  class space    used 17041K, committed 18176K, reserved 1048576K
}
Event: 28.981 GC heap after
{Heap after GC invocations=58 (full 0):
 garbage-first heap   total 211968K, used 127334K [0x0000000080000000, 0x0000000100000000)
  region size 1024K, 6 young (6144K), 6 survivors (6144K)
 Metaspace       used 119659K, committed 121984K, reserved 1179648K
  class space    used 17041K, committed 18176K, reserved 1048576K
}
Event: 29.165 GC heap before
{Heap before GC invocations=58 (full 0):
 garbage-first heap   total 211968K, used 199014K [0x0000000080000000, 0x0000000100000000)
  region size 1024K, 76 young (77824K), 6 survivors (6144K)
 Metaspace       used 119706K, committed 122048K, reserved 1179648K
  class space    used 17047K, committed 18176K, reserved 1048576K
}
Event: 29.171 GC heap after
{Heap after GC invocations=59 (full 0):
 garbage-first heap   total 211968K, used 124567K [0x0000000080000000, 0x0000000100000000)
  region size 1024K, 6 young (6144K), 6 survivors (6144K)
 Metaspace       used 119706K, committed 122048K, reserved 1179648K
  class space    used 17047K, committed 18176K, reserved 1048576K
}
Event: 29.258 GC heap before
{Heap before GC invocations=59 (full 0):
 garbage-first heap   total 211968K, used 199319K [0x0000000080000000, 0x0000000100000000)
  region size 1024K, 79 young (80896K), 6 survivors (6144K)
 Metaspace       used 119706K, committed 122048K, reserved 1179648K
  class space    used 17047K, committed 18176K, reserved 1048576K
}
Event: 29.262 GC heap after
{Heap after GC invocations=60 (full 0):
 garbage-first heap   total 211968K, used 124978K [0x0000000080000000, 0x0000000100000000)
  region size 1024K, 5 young (5120K), 5 survivors (5120K)
 Metaspace       used 119706K, committed 122048K, reserved 1179648K
  class space    used 17047K, committed 18176K, reserved 1048576K
}
Event: 62.058 GC heap before
{Heap before GC invocations=61 (full 0):
 garbage-first heap   total 211968K, used 198706K [0x0000000080000000, 0x0000000100000000)
  region size 1024K, 78 young (79872K), 5 survivors (5120K)
 Metaspace       used 124698K, committed 127232K, reserved 1179648K
  class space    used 17746K, committed 18944K, reserved 1048576K
}
Event: 62.066 GC heap after
{Heap after GC invocations=62 (full 0):
 garbage-first heap   total 211968K, used 129802K [0x0000000080000000, 0x0000000100000000)
  region size 1024K, 10 young (10240K), 10 survivors (10240K)
 Metaspace       used 124698K, committed 127232K, reserved 1179648K
  class space    used 17746K, committed 18944K, reserved 1048576K
}
Event: 96.516 GC heap before
{Heap before GC invocations=62 (full 0):
 garbage-first heap   total 211968K, used 199434K [0x0000000080000000, 0x0000000100000000)
  region size 1024K, 78 young (79872K), 10 survivors (10240K)
 Metaspace       used 125466K, committed 128000K, reserved 1179648K
  class space    used 17859K, committed 19072K, reserved 1048576K
}
Event: 96.528 GC heap after
{Heap after GC invocations=63 (full 0):
 garbage-first heap   total 215040K, used 129678K [0x0000000080000000, 0x0000000100000000)
  region size 1024K, 7 young (7168K), 7 survivors (7168K)
 Metaspace       used 125466K, committed 128000K, reserved 1179648K
  class space    used 17859K, committed 19072K, reserved 1048576K
}
Event: 97.642 GC heap before
{Heap before GC invocations=63 (full 0):
 garbage-first heap   total 215040K, used 202382K [0x0000000080000000, 0x0000000100000000)
  region size 1024K, 78 young (79872K), 7 survivors (7168K)
 Metaspace       used 125908K, committed 128384K, reserved 1179648K
  class space    used 17861K, committed 19072K, reserved 1048576K
}
Event: 97.654 GC heap after
{Heap after GC invocations=64 (full 0):
 garbage-first heap   total 218112K, used 137467K [0x0000000080000000, 0x0000000100000000)
  region size 1024K, 9 young (9216K), 9 survivors (9216K)
 Metaspace       used 125908K, committed 128384K, reserved 1179648K
  class space    used 17861K, committed 19072K, reserved 1048576K
}
Event: 112.351 GC heap before
{Heap before GC invocations=65 (full 0):
 garbage-first heap   total 230400K, used 203003K [0x0000000080000000, 0x0000000100000000)
  region size 1024K, 74 young (75776K), 9 survivors (9216K)
 Metaspace       used 126113K, committed 128576K, reserved 1179648K
  class space    used 17873K, committed 19072K, reserved 1048576K
}
Event: 112.363 GC heap after
{Heap after GC invocations=66 (full 0):
 garbage-first heap   total 230400K, used 141358K [0x0000000080000000, 0x0000000100000000)
  region size 1024K, 6 young (6144K), 6 survivors (6144K)
 Metaspace       used 126113K, committed 128576K, reserved 1179648K
  class space    used 17873K, committed 19072K, reserved 1048576K
}
Event: 112.967 GC heap before
{Heap before GC invocations=66 (full 0):
 garbage-first heap   total 230400K, used 228398K [0x0000000080000000, 0x0000000100000000)
  region size 1024K, 74 young (75776K), 6 survivors (6144K)
 Metaspace       used 127351K, committed 129856K, reserved 1179648K
  class space    used 18090K, committed 19264K, reserved 1048576K
}
Event: 112.977 GC heap after
{Heap after GC invocations=67 (full 0):
 garbage-first heap   total 247808K, used 167429K [0x0000000080000000, 0x0000000100000000)
  region size 1024K, 10 young (10240K), 10 survivors (10240K)
 Metaspace       used 127351K, committed 129856K, reserved 1179648K
  class space    used 18090K, committed 19264K, reserved 1048576K
}
Event: 113.294 GC heap before
{Heap before GC invocations=67 (full 0):
 garbage-first heap   total 247808K, used 229893K [0x0000000080000000, 0x0000000100000000)
  region size 1024K, 71 young (72704K), 10 survivors (10240K)
 Metaspace       used 128008K, committed 130560K, reserved 1179648K
  class space    used 18157K, committed 19392K, reserved 1048576K
}
Event: 113.300 GC heap after
{Heap after GC invocations=68 (full 0):
 garbage-first heap   total 247808K, used 171614K [0x0000000080000000, 0x0000000100000000)
  region size 1024K, 3 young (3072K), 3 survivors (3072K)
 Metaspace       used 128008K, committed 130560K, reserved 1179648K
  class space    used 18157K, committed 19392K, reserved 1048576K
}

