# JRE version: OpenJDK Runtime Environment (21.0.9) (build 21.0.9+-14649483-b1163.86)
# Java VM: OpenJDK 64-Bit Server VM (21.0.9+-14649483-b1163.86, mixed mode, tiered, compressed oops, compressed class ptrs, g1 gc, windows-amd64)
GC Precious Log:
 CardTable entry size: 512
 Card Set container configuration: InlinePtr #cards 5 size 8 Array Of Cards #cards 12 size 40 Howl #buckets 4 coarsen threshold 1843 Howl Bitmap #cards 512 size 80 coarsen threshold 460 Card regions per heap region 1 cards per card region 2048
 CPUs: 8 total, 8 available
 Memory: 15647M
 Large Page Support: Disabled
 NUMA Support: Disabled
 Compressed Oops: Enabled (32-bit)
 Heap Region Size: 1M
 Heap Min Capacity: 8M
 Heap Initial Capacity: 246M
 Heap Max Capacity: 512M
 Pre-touch: Disabled
 Parallel Workers: 8
 Concurrent Workers: 2
 Concurrent Refinement Workers: 8
 Periodic GC: Disabled
Heap:
 garbage-first heap   total 354304K, used 284216K [0x00000000e0000000, 0x0000000100000000)
  region size 1024K, 54 young (55296K), 10 survivors (10240K)
 Metaspace       used 120836K, committed 123200K, reserved 1179648K
  class space    used 17124K, committed 18304K, reserved 1048576K
GC Heap History (20 events):
Event: 24.781 GC heap before
{Heap before GC invocations=91 (full 0):
 garbage-first heap   total 290816K, used 239556K [0x00000000e0000000, 0x0000000100000000)
  region size 1024K, 69 young (70656K), 9 survivors (9216K)
 Metaspace       used 116484K, committed 118784K, reserved 1179648K
  class space    used 16510K, committed 17600K, reserved 1048576K
}
Event: 24.786 GC heap after
{Heap after GC invocations=92 (full 0):
 garbage-first heap   total 290816K, used 184014K [0x00000000e0000000, 0x0000000100000000)
  region size 1024K, 5 young (5120K), 5 survivors (5120K)
 Metaspace       used 116484K, committed 118784K, reserved 1179648K
  class space    used 16510K, committed 17600K, reserved 1048576K
}
Event: 24.989 GC heap before
{Heap before GC invocations=92 (full 0):
 garbage-first heap   total 290816K, used 271054K [0x00000000e0000000, 0x0000000100000000)
  region size 1024K, 91 young (93184K), 5 survivors (5120K)
 Metaspace       used 117285K, committed 119680K, reserved 1179648K
  class space    used 16607K, committed 17728K, reserved 1048576K
}
Event: 24.996 GC heap after
{Heap after GC invocations=93 (full 0):
 garbage-first heap   total 323584K, used 186027K [0x00000000e0000000, 0x0000000100000000)
  region size 1024K, 8 young (8192K), 8 survivors (8192K)
 Metaspace       used 117285K, committed 119680K, reserved 1179648K
  class space    used 16607K, committed 17728K, reserved 1048576K
}
Event: 25.091 GC heap before
{Heap before GC invocations=93 (full 0):
 garbage-first heap   total 323584K, used 299691K [0x00000000e0000000, 0x0000000100000000)
  region size 1024K, 120 young (122880K), 8 survivors (8192K)
 Metaspace       used 117709K, committed 120064K, reserved 1179648K
  class space    used 16677K, committed 17792K, reserved 1048576K
}
Event: 25.096 GC heap after
{Heap after GC invocations=94 (full 0):
 garbage-first heap   total 323584K, used 186447K [0x00000000e0000000, 0x0000000100000000)
  region size 1024K, 9 young (9216K), 9 survivors (9216K)
 Metaspace       used 117709K, committed 120064K, reserved 1179648K
  class space    used 16677K, committed 17792K, reserved 1048576K
}
Event: 25.347 GC heap before
{Heap before GC invocations=95 (full 0):
 garbage-first heap   total 323584K, used 303183K [0x00000000e0000000, 0x0000000100000000)
  region size 1024K, 123 young (125952K), 9 survivors (9216K)
 Metaspace       used 118111K, committed 120448K, reserved 1179648K
  class space    used 16749K, committed 17856K, reserved 1048576K
}
Event: 25.353 GC heap after
{Heap after GC invocations=96 (full 0):
 garbage-first heap   total 323584K, used 188991K [0x00000000e0000000, 0x0000000100000000)
  region size 1024K, 11 young (11264K), 11 survivors (11264K)
 Metaspace       used 118111K, committed 120448K, reserved 1179648K
  class space    used 16749K, committed 17856K, reserved 1048576K
}
Event: 25.475 GC heap before
{Heap before GC invocations=96 (full 0):
 garbage-first heap   total 323584K, used 304703K [0x00000000e0000000, 0x0000000100000000)
  region size 1024K, 125 young (128000K), 11 survivors (11264K)
 Metaspace       used 118366K, committed 120768K, reserved 1179648K
  class space    used 16780K, committed 17920K, reserved 1048576K
}
Event: 25.484 GC heap after
{Heap after GC invocations=97 (full 0):
 garbage-first heap   total 323584K, used 189352K [0x00000000e0000000, 0x0000000100000000)
  region size 1024K, 8 young (8192K), 8 survivors (8192K)
 Metaspace       used 118366K, committed 120768K, reserved 1179648K
  class space    used 16780K, committed 17920K, reserved 1048576K
}
Event: 25.701 GC heap before
{Heap before GC invocations=97 (full 0):
 garbage-first heap   total 323584K, used 304040K [0x00000000e0000000, 0x0000000100000000)
  region size 1024K, 121 young (123904K), 8 survivors (8192K)
 Metaspace       used 119377K, committed 121728K, reserved 1179648K
  class space    used 16918K, committed 18048K, reserved 1048576K
}
Event: 25.708 GC heap after
{Heap after GC invocations=98 (full 0):
 garbage-first heap   total 323584K, used 192766K [0x00000000e0000000, 0x0000000100000000)
  region size 1024K, 11 young (11264K), 11 survivors (11264K)
 Metaspace       used 119377K, committed 121728K, reserved 1179648K
  class space    used 16918K, committed 18048K, reserved 1048576K
}
Event: 25.923 GC heap before
{Heap before GC invocations=98 (full 0):
 garbage-first heap   total 323584K, used 304382K [0x00000000e0000000, 0x0000000100000000)
  region size 1024K, 121 young (123904K), 11 survivors (11264K)
 Metaspace       used 120196K, committed 122624K, reserved 1179648K
  class space    used 17040K, committed 18176K, reserved 1048576K
}
Event: 25.931 GC heap after
{Heap after GC invocations=99 (full 0):
 garbage-first heap   total 323584K, used 193768K [0x00000000e0000000, 0x0000000100000000)
  region size 1024K, 9 young (9216K), 9 survivors (9216K)
 Metaspace       used 120196K, committed 122624K, reserved 1179648K
  class space    used 17040K, committed 18176K, reserved 1048576K
}
Event: 26.042 GC heap before
{Heap before GC invocations=100 (full 0):
 garbage-first heap   total 323584K, used 319720K [0x00000000e0000000, 0x0000000100000000)
  region size 1024K, 118 young (120832K), 9 survivors (9216K)
 Metaspace       used 120673K, committed 123072K, reserved 1179648K
  class space    used 17108K, committed 18240K, reserved 1048576K
}
Event: 26.052 GC heap after
{Heap after GC invocations=101 (full 0):
 garbage-first heap   total 332800K, used 202095K [0x00000000e0000000, 0x0000000100000000)
  region size 1024K, 11 young (11264K), 11 survivors (11264K)
 Metaspace       used 120673K, committed 123072K, reserved 1179648K
  class space    used 17108K, committed 18240K, reserved 1048576K
}
Event: 26.097 GC heap before
{Heap before GC invocations=101 (full 0):
 garbage-first heap   total 332800K, used 331119K [0x00000000e0000000, 0x0000000100000000)
  region size 1024K, 68 young (69632K), 11 survivors (11264K)
 Metaspace       used 120694K, committed 123072K, reserved 1179648K
  class space    used 17108K, committed 18240K, reserved 1048576K
}
Event: 26.108 GC heap after
{Heap after GC invocations=102 (full 0):
 garbage-first heap   total 354304K, used 236345K [0x00000000e0000000, 0x0000000100000000)
  region size 1024K, 16 young (16384K), 16 survivors (16384K)
 Metaspace       used 120694K, committed 123072K, reserved 1179648K
  class space    used 17108K, committed 18240K, reserved 1048576K
}
Event: 26.153 GC heap before
{Heap before GC invocations=102 (full 0):
 garbage-first heap   total 354304K, used 278329K [0x00000000e0000000, 0x0000000100000000)
  region size 1024K, 58 young (59392K), 16 survivors (16384K)
 Metaspace       used 120783K, committed 123200K, reserved 1179648K
  class space    used 17116K, committed 18304K, reserved 1048576K
}
Event: 26.160 GC heap after
{Heap after GC invocations=103 (full 0):
 garbage-first heap   total 354304K, used 238136K [0x00000000e0000000, 0x0000000100000000)
  region size 1024K, 10 young (10240K), 10 survivors (10240K)
 Metaspace       used 120783K, committed 123200K, reserved 1179648K
  class space    used 17116K, committed 18304K, reserved 1048576K
}

