# JRE version: OpenJDK Runtime Environment (21.0.9) (build 21.0.9+-14649483-b1163.86)
# Java VM: OpenJDK 64-Bit Server VM (21.0.9+-14649483-b1163.86, mixed mode, tiered, compressed oops, compressed class ptrs, g1 gc, windows-amd64)
GC Precious Log:
 CardTable entry size: 512
 Card Set container configuration: InlinePtr #cards 5 size 8 Array Of Cards #cards 12 size 40 Howl #buckets 4 coarsen threshold 1843 Howl Bitmap #cards 512 size 80 coarsen threshold 460 Card regions per heap region 1 cards per card region 2048
 CPUs: 8 total, 8 available
 Memory: 15647M
 Large Page Support: Disabled
 NUMA Support: Disabled
 Compressed Oops: Enabled (32-bit)
 Heap Region Size: 1M
 Heap Min Capacity: 8M
 Heap Initial Capacity: 246M
 Heap Max Capacity: 2G
 Pre-touch: Disabled
 Parallel Workers: 8
 Concurrent Workers: 2
 Concurrent Refinement Workers: 8
 Periodic GC: Disabled
Heap:
 garbage-first heap   total 242688K, used 158871K [0x0000000080000000, 0x0000000100000000)
  region size 1024K, 12 young (12288K), 5 survivors (5120K)
 Metaspace       used 122278K, committed 124672K, reserved 1179648K
  class space    used 17097K, committed 18240K, reserved 1048576K
GC Heap History (20 events):
Event: 15.376 GC heap before
{Heap before GC invocations=38 (full 0):
 garbage-first heap   total 218112K, used 201046K [0x0000000080000000, 0x0000000100000000)
  region size 1024K, 92 young (94208K), 12 survivors (12288K)
 Metaspace       used 97328K, committed 99520K, reserved 1179648K
  class space    used 13809K, committed 14848K, reserved 1048576K
}
Event: 15.383 GC heap after
{Heap after GC invocations=39 (full 0):
 garbage-first heap   total 218112K, used 122041K [0x0000000080000000, 0x0000000100000000)
  region size 1024K, 9 young (9216K), 9 survivors (9216K)
 Metaspace       used 97328K, committed 99520K, reserved 1179648K
  class space    used 13809K, committed 14848K, reserved 1048576K
}
Event: 16.613 GC heap before
{Heap before GC invocations=40 (full 0):
 garbage-first heap   total 218112K, used 204985K [0x0000000080000000, 0x0000000100000000)
  region size 1024K, 88 young (90112K), 9 survivors (9216K)
 Metaspace       used 103929K, committed 106176K, reserved 1179648K
  class space    used 14862K, committed 15936K, reserved 1048576K
}
Event: 16.620 GC heap after
{Heap after GC invocations=41 (full 0):
 garbage-first heap   total 219136K, used 127869K [0x0000000080000000, 0x0000000100000000)
  region size 1024K, 7 young (7168K), 7 survivors (7168K)
 Metaspace       used 103929K, committed 106176K, reserved 1179648K
  class space    used 14862K, committed 15936K, reserved 1048576K
}
Event: 17.353 GC heap before
{Heap before GC invocations=41 (full 0):
 garbage-first heap   total 219136K, used 203645K [0x0000000080000000, 0x0000000100000000)
  region size 1024K, 82 young (83968K), 7 survivors (7168K)
 Metaspace       used 106141K, committed 108480K, reserved 1179648K
  class space    used 15154K, committed 16256K, reserved 1048576K
}
Event: 17.363 GC heap after
{Heap after GC invocations=42 (full 0):
 garbage-first heap   total 219136K, used 131967K [0x0000000080000000, 0x0000000100000000)
  region size 1024K, 11 young (11264K), 11 survivors (11264K)
 Metaspace       used 106141K, committed 108480K, reserved 1179648K
  class space    used 15154K, committed 16256K, reserved 1048576K
}
Event: 17.842 GC heap before
{Heap before GC invocations=42 (full 0):
 garbage-first heap   total 219136K, used 203647K [0x0000000080000000, 0x0000000100000000)
  region size 1024K, 81 young (82944K), 11 survivors (11264K)
 Metaspace       used 106155K, committed 108480K, reserved 1179648K
  class space    used 15157K, committed 16256K, reserved 1048576K
}
Event: 17.850 GC heap after
{Heap after GC invocations=43 (full 0):
 garbage-first heap   total 220160K, used 137055K [0x0000000080000000, 0x0000000100000000)
  region size 1024K, 7 young (7168K), 7 survivors (7168K)
 Metaspace       used 106155K, committed 108480K, reserved 1179648K
  class space    used 15157K, committed 16256K, reserved 1048576K
}
Event: 18.456 GC heap before
{Heap before GC invocations=44 (full 0):
 garbage-first heap   total 229376K, used 204639K [0x0000000080000000, 0x0000000100000000)
  region size 1024K, 73 young (74752K), 7 survivors (7168K)
 Metaspace       used 106349K, committed 108608K, reserved 1179648K
  class space    used 15168K, committed 16256K, reserved 1048576K
}
Event: 18.462 GC heap after
{Heap after GC invocations=45 (full 0):
 garbage-first heap   total 229376K, used 141359K [0x0000000080000000, 0x0000000100000000)
  region size 1024K, 7 young (7168K), 7 survivors (7168K)
 Metaspace       used 106349K, committed 108608K, reserved 1179648K
  class space    used 15168K, committed 16256K, reserved 1048576K
}
Event: 19.368 GC heap before
{Heap before GC invocations=45 (full 0):
 garbage-first heap   total 229376K, used 210991K [0x0000000080000000, 0x0000000100000000)
  region size 1024K, 74 young (75776K), 7 survivors (7168K)
 Metaspace       used 112419K, committed 114752K, reserved 1179648K
  class space    used 15942K, committed 17088K, reserved 1048576K
}
Event: 19.374 GC heap after
{Heap after GC invocations=46 (full 0):
 garbage-first heap   total 229376K, used 140918K [0x0000000080000000, 0x0000000100000000)
  region size 1024K, 3 young (3072K), 3 survivors (3072K)
 Metaspace       used 112419K, committed 114752K, reserved 1179648K
  class space    used 15942K, committed 17088K, reserved 1048576K
}
Event: 20.351 GC heap before
{Heap before GC invocations=46 (full 0):
 garbage-first heap   total 229376K, used 211574K [0x0000000080000000, 0x0000000100000000)
  region size 1024K, 72 young (73728K), 3 survivors (3072K)
 Metaspace       used 118078K, committed 120512K, reserved 1179648K
  class space    used 16733K, committed 17920K, reserved 1048576K
}
Event: 20.357 GC heap after
{Heap after GC invocations=47 (full 0):
 garbage-first heap   total 229376K, used 144205K [0x0000000080000000, 0x0000000100000000)
  region size 1024K, 6 young (6144K), 6 survivors (6144K)
 Metaspace       used 118078K, committed 120512K, reserved 1179648K
  class space    used 16733K, committed 17920K, reserved 1048576K
}
Event: 21.224 GC heap before
{Heap before GC invocations=48 (full 0):
 garbage-first heap   total 242688K, used 217933K [0x0000000080000000, 0x0000000100000000)
  region size 1024K, 74 young (75776K), 6 survivors (6144K)
 Metaspace       used 122082K, committed 124544K, reserved 1179648K
  class space    used 17076K, committed 18240K, reserved 1048576K
}
Event: 21.233 GC heap after
{Heap after GC invocations=49 (full 0):
 garbage-first heap   total 242688K, used 150640K [0x0000000080000000, 0x0000000100000000)
  region size 1024K, 10 young (10240K), 10 survivors (10240K)
 Metaspace       used 122082K, committed 124544K, reserved 1179648K
  class space    used 17076K, committed 18240K, reserved 1048576K
}
Event: 21.372 GC heap before
{Heap before GC invocations=49 (full 0):
 garbage-first heap   total 242688K, used 223344K [0x0000000080000000, 0x0000000100000000)
  region size 1024K, 82 young (83968K), 10 survivors (10240K)
 Metaspace       used 122089K, committed 124544K, reserved 1179648K
  class space    used 17076K, committed 18240K, reserved 1048576K
}
Event: 21.380 GC heap after
{Heap after GC invocations=50 (full 0):
 garbage-first heap   total 242688K, used 152673K [0x0000000080000000, 0x0000000100000000)
  region size 1024K, 5 young (5120K), 5 survivors (5120K)
 Metaspace       used 122089K, committed 124544K, reserved 1179648K
  class space    used 17076K, committed 18240K, reserved 1048576K
}
Event: 21.505 GC heap before
{Heap before GC invocations=50 (full 0):
 garbage-first heap   total 242688K, used 226401K [0x0000000080000000, 0x0000000100000000)
  region size 1024K, 77 young (78848K), 5 survivors (5120K)
 Metaspace       used 122133K, committed 124544K, reserved 1179648K
  class space    used 17080K, committed 18240K, reserved 1048576K
}
Event: 21.508 GC heap after
{Heap after GC invocations=51 (full 0):
 garbage-first heap   total 242688K, used 152727K [0x0000000080000000, 0x0000000100000000)
  region size 1024K, 5 young (5120K), 5 survivors (5120K)
 Metaspace       used 122133K, committed 124544K, reserved 1179648K
  class space    used 17080K, committed 18240K, reserved 1048576K
}

