# JRE version: OpenJDK Runtime Environment (21.0.9) (build 21.0.9+-14649483-b1163.86)
# Java VM: OpenJDK 64-Bit Server VM (21.0.9+-14649483-b1163.86, mixed mode, tiered, compressed oops, compressed class ptrs, g1 gc, windows-amd64)
GC Precious Log:
 CardTable entry size: 512
 Card Set container configuration: InlinePtr #cards 5 size 8 Array Of Cards #cards 12 size 40 Howl #buckets 4 coarsen threshold 1843 Howl Bitmap #cards 512 size 80 coarsen threshold 460 Card regions per heap region 1 cards per card region 2048
 CPUs: 8 total, 8 available
 Memory: 15647M
 Large Page Support: Disabled
 NUMA Support: Disabled
 Compressed Oops: Enabled (32-bit)
 Heap Region Size: 1M
 Heap Min Capacity: 8M
 Heap Initial Capacity: 246M
 Heap Max Capacity: 512M
 Pre-touch: Disabled
 Parallel Workers: 8
 Concurrent Workers: 2
 Concurrent Refinement Workers: 8
 Periodic GC: Disabled
Heap:
 garbage-first heap   total 407552K, used 398541K [0x00000000e0000000, 0x0000000100000000)
  region size 1024K, 126 young (129024K), 7 survivors (7168K)
 Metaspace       used 140803K, committed 143424K, reserved 1179648K
  class space    used 19613K, committed 20864K, reserved 1048576K
GC Heap History (20 events):
Event: 58.202 GC heap after
{Heap after GC invocations=93 (full 0):
 garbage-first heap   total 307200K, used 184194K [0x00000000e0000000, 0x0000000100000000)
  region size 1024K, 9 young (9216K), 9 survivors (9216K)
 Metaspace       used 136881K, committed 139520K, reserved 1179648K
  class space    used 19060K, committed 20352K, reserved 1048576K
}
Event: 58.397 GC heap before
{Heap before GC invocations=93 (full 0):
 garbage-first heap   total 307200K, used 290690K [0x00000000e0000000, 0x0000000100000000)
  region size 1024K, 114 young (116736K), 9 survivors (9216K)
 Metaspace       used 137063K, committed 139712K, reserved 1179648K
  class space    used 19079K, committed 20352K, reserved 1048576K
}
Event: 58.405 GC heap after
{Heap after GC invocations=94 (full 0):
 garbage-first heap   total 307200K, used 186171K [0x00000000e0000000, 0x0000000100000000)
  region size 1024K, 11 young (11264K), 11 survivors (11264K)
 Metaspace       used 137063K, committed 139712K, reserved 1179648K
  class space    used 19079K, committed 20352K, reserved 1048576K
}
Event: 58.606 GC heap before
{Heap before GC invocations=94 (full 0):
 garbage-first heap   total 312320K, used 291643K [0x00000000e0000000, 0x0000000100000000)
  region size 1024K, 112 young (114688K), 11 survivors (11264K)
 Metaspace       used 137184K, committed 139776K, reserved 1179648K
  class space    used 19093K, committed 20352K, reserved 1048576K
}
Event: 58.613 GC heap after
{Heap after GC invocations=95 (full 0):
 garbage-first heap   total 312320K, used 189463K [0x00000000e0000000, 0x0000000100000000)
  region size 1024K, 9 young (9216K), 9 survivors (9216K)
 Metaspace       used 137184K, committed 139776K, reserved 1179648K
  class space    used 19093K, committed 20352K, reserved 1048576K
}
Event: 58.791 GC heap before
{Heap before GC invocations=96 (full 0):
 garbage-first heap   total 312320K, used 310295K [0x00000000e0000000, 0x0000000100000000)
  region size 1024K, 101 young (103424K), 9 survivors (9216K)
 Metaspace       used 137205K, committed 139840K, reserved 1179648K
  class space    used 19094K, committed 20352K, reserved 1048576K
}
Event: 58.801 GC heap after
{Heap after GC invocations=97 (full 0):
 garbage-first heap   total 328704K, used 224823K [0x00000000e0000000, 0x0000000100000000)
  region size 1024K, 14 young (14336K), 14 survivors (14336K)
 Metaspace       used 137205K, committed 139840K, reserved 1179648K
  class space    used 19094K, committed 20352K, reserved 1048576K
}
Event: 58.889 GC heap before
{Heap before GC invocations=97 (full 0):
 garbage-first heap   total 328704K, used 313911K [0x00000000e0000000, 0x0000000100000000)
  region size 1024K, 98 young (100352K), 14 survivors (14336K)
 Metaspace       used 137458K, committed 140096K, reserved 1179648K
  class space    used 19131K, committed 20416K, reserved 1048576K
}
Event: 58.900 GC heap after
{Heap after GC invocations=98 (full 0):
 garbage-first heap   total 337920K, used 230133K [0x00000000e0000000, 0x0000000100000000)
  region size 1024K, 3 young (3072K), 3 survivors (3072K)
 Metaspace       used 137458K, committed 140096K, reserved 1179648K
  class space    used 19131K, committed 20416K, reserved 1048576K
}
Event: 58.985 GC heap before
{Heap before GC invocations=98 (full 0):
 garbage-first heap   total 337920K, used 319221K [0x00000000e0000000, 0x0000000100000000)
  region size 1024K, 90 young (92160K), 3 survivors (3072K)
 Metaspace       used 137670K, committed 140352K, reserved 1179648K
  class space    used 19162K, committed 20416K, reserved 1048576K
}
Event: 58.989 GC heap after
{Heap after GC invocations=99 (full 0):
 garbage-first heap   total 337920K, used 231241K [0x00000000e0000000, 0x0000000100000000)
  region size 1024K, 4 young (4096K), 4 survivors (4096K)
 Metaspace       used 137670K, committed 140352K, reserved 1179648K
  class space    used 19162K, committed 20416K, reserved 1048576K
}
Event: 59.381 GC heap before
{Heap before GC invocations=100 (full 0):
 garbage-first heap   total 388096K, used 315209K [0x00000000e0000000, 0x0000000100000000)
  region size 1024K, 87 young (89088K), 4 survivors (4096K)
 Metaspace       used 138890K, committed 141568K, reserved 1179648K
  class space    used 19349K, committed 20608K, reserved 1048576K
}
Event: 59.388 GC heap after
{Heap after GC invocations=101 (full 0):
 garbage-first heap   total 388096K, used 233969K [0x00000000e0000000, 0x0000000100000000)
  region size 1024K, 7 young (7168K), 7 survivors (7168K)
 Metaspace       used 138890K, committed 141568K, reserved 1179648K
  class space    used 19349K, committed 20608K, reserved 1048576K
}
Event: 59.492 GC heap before
{Heap before GC invocations=101 (full 0):
 garbage-first heap   total 388096K, used 365041K [0x00000000e0000000, 0x0000000100000000)
  region size 1024K, 136 young (139264K), 7 survivors (7168K)
 Metaspace       used 139255K, committed 141888K, reserved 1179648K
  class space    used 19404K, committed 20672K, reserved 1048576K
}
Event: 59.501 GC heap after
{Heap after GC invocations=102 (full 0):
 garbage-first heap   total 388096K, used 234315K [0x00000000e0000000, 0x0000000100000000)
  region size 1024K, 8 young (8192K), 8 survivors (8192K)
 Metaspace       used 139255K, committed 141888K, reserved 1179648K
  class space    used 19404K, committed 20672K, reserved 1048576K
}
Event: 59.662 GC heap before
{Heap before GC invocations=102 (full 0):
 garbage-first heap   total 388096K, used 366411K [0x00000000e0000000, 0x0000000100000000)
  region size 1024K, 138 young (141312K), 8 survivors (8192K)
 Metaspace       used 139813K, committed 142464K, reserved 1179648K
  class space    used 19467K, committed 20736K, reserved 1048576K
}
Event: 59.669 GC heap after
{Heap after GC invocations=103 (full 0):
 garbage-first heap   total 388096K, used 235645K [0x00000000e0000000, 0x0000000100000000)
  region size 1024K, 10 young (10240K), 10 survivors (10240K)
 Metaspace       used 139813K, committed 142464K, reserved 1179648K
  class space    used 19467K, committed 20736K, reserved 1048576K
}
Event: 59.930 GC heap before
{Heap before GC invocations=103 (full 0):
 garbage-first heap   total 394240K, used 370813K [0x00000000e0000000, 0x0000000100000000)
  region size 1024K, 138 young (141312K), 10 survivors (10240K)
 Metaspace       used 140501K, committed 143168K, reserved 1179648K
  class space    used 19569K, committed 20864K, reserved 1048576K
}
Event: 59.938 GC heap after
{Heap after GC invocations=104 (full 0):
 garbage-first heap   total 394240K, used 238797K [0x00000000e0000000, 0x0000000100000000)
  region size 1024K, 11 young (11264K), 11 survivors (11264K)
 Metaspace       used 140501K, committed 143168K, reserved 1179648K
  class space    used 19569K, committed 20864K, reserved 1048576K
}
Event: 60.040 GC heap before
{Heap before GC invocations=105 (full 0):
 garbage-first heap   total 399360K, used 397517K [0x00000000e0000000, 0x0000000100000000)
  region size 1024K, 130 young (133120K), 11 survivors (11264K)
 Metaspace       used 140803K, committed 143424K, reserved 1179648K
  class space    used 19613K, committed 20864K, reserved 1048576K
}

